{"/Users/nikodemzychma/Documents/projects/company-details-by-nip/src/index.ts": {"path":"/Users/nikodemzychma/Documents/projects/company-details-by-nip/src/index.ts","statementMap":{"0":{"start":{"line":25,"column":0},"end":{"line":25,"column":7}},"1":{"start":{"line":119,"column":0},"end":{"line":119,"column":16}},"2":{"start":{"line":133,"column":0},"end":{"line":133,"column":16}},"3":{"start":{"line":16,"column":24},"end":{"line":16,"column":91}},"4":{"start":{"line":17,"column":29},"end":{"line":17,"column":100}},"5":{"start":{"line":29,"column":2},"end":{"line":31,"column":3}},"6":{"start":{"line":30,"column":4},"end":{"line":30,"column":39}},"7":{"start":{"line":33,"column":2},"end":{"line":35,"column":3}},"8":{"start":{"line":34,"column":4},"end":{"line":34,"column":43}},"9":{"start":{"line":37,"column":17},"end":{"line":39,"column":41}},"10":{"start":{"line":41,"column":2},"end":{"line":113,"column":3}},"11":{"start":{"line":43,"column":24},"end":{"line":54,"column":18}},"12":{"start":{"line":56,"column":24},"end":{"line":62,"column":6}},"13":{"start":{"line":64,"column":4},"end":{"line":66,"column":5}},"14":{"start":{"line":65,"column":6},"end":{"line":65,"column":83}},"15":{"start":{"line":68,"column":28},"end":{"line":68,"column":52}},"16":{"start":{"line":69,"column":16},"end":{"line":69,"column":47}},"17":{"start":{"line":71,"column":4},"end":{"line":73,"column":5}},"18":{"start":{"line":72,"column":6},"end":{"line":72,"column":70}},"19":{"start":{"line":76,"column":23},"end":{"line":89,"column":18}},"20":{"start":{"line":91,"column":32},"end":{"line":98,"column":6}},"21":{"start":{"line":100,"column":4},"end":{"line":102,"column":5}},"22":{"start":{"line":101,"column":6},"end":{"line":101,"column":93}},"23":{"start":{"line":104,"column":24},"end":{"line":104,"column":56}},"24":{"start":{"line":105,"column":30},"end":{"line":105,"column":69}},"25":{"start":{"line":107,"column":4},"end":{"line":107,"column":42}},"26":{"start":{"line":109,"column":4},"end":{"line":111,"column":5}},"27":{"start":{"line":110,"column":6},"end":{"line":110,"column":65}},"28":{"start":{"line":112,"column":4},"end":{"line":112,"column":74}},"29":{"start":{"line":120,"column":21},"end":{"line":120,"column":86}},"30":{"start":{"line":121,"column":19},"end":{"line":121,"column":58}},"31":{"start":{"line":123,"column":2},"end":{"line":126,"column":3}},"32":{"start":{"line":124,"column":19},"end":{"line":124,"column":62}},"33":{"start":{"line":125,"column":4},"end":{"line":125,"column":18}},"34":{"start":{"line":127,"column":2},"end":{"line":127,"column":12}},"35":{"start":{"line":134,"column":27},"end":{"line":134,"column":50}},"36":{"start":{"line":135,"column":27},"end":{"line":135,"column":65}},"37":{"start":{"line":136,"column":22},"end":{"line":136,"column":72}},"38":{"start":{"line":138,"column":20},"end":{"line":138,"column":49}},"39":{"start":{"line":139,"column":20},"end":{"line":139,"column":51}},"40":{"start":{"line":140,"column":15},"end":{"line":140,"column":51}},"41":{"start":{"line":142,"column":26},"end":{"line":142,"column":55}},"42":{"start":{"line":143,"column":26},"end":{"line":143,"column":63}},"43":{"start":{"line":144,"column":21},"end":{"line":144,"column":69}},"44":{"start":{"line":146,"column":22},"end":{"line":146,"column":45}},"45":{"start":{"line":147,"column":22},"end":{"line":147,"column":55}},"46":{"start":{"line":148,"column":17},"end":{"line":148,"column":57}},"47":{"start":{"line":150,"column":26},"end":{"line":150,"column":59}},"48":{"start":{"line":151,"column":26},"end":{"line":151,"column":63}},"49":{"start":{"line":152,"column":21},"end":{"line":152,"column":69}},"50":{"start":{"line":154,"column":26},"end":{"line":154,"column":52}},"51":{"start":{"line":155,"column":26},"end":{"line":155,"column":63}},"52":{"start":{"line":156,"column":21},"end":{"line":156,"column":69}},"53":{"start":{"line":158,"column":2},"end":{"line":165,"column":4}}},"fnMap":{"0":{"name":"getCompanyDetailsByNip","decl":{"start":{"line":25,"column":22},"end":{"line":25,"column":44}},"loc":{"start":{"line":27,"column":28},"end":{"line":114,"column":1}}},"1":{"name":"parseSidString","decl":{"start":{"line":119,"column":16},"end":{"line":119,"column":30}},"loc":{"start":{"line":119,"column":50},"end":{"line":128,"column":1}}},"2":{"name":"parseCompanySoapDataToJson","decl":{"start":{"line":133,"column":16},"end":{"line":133,"column":42}},"loc":{"start":{"line":133,"column":66},"end":{"line":166,"column":1}}}},"branchMap":{"0":{"loc":{"start":{"line":29,"column":2},"end":{"line":31,"column":3}},"type":"if","locations":[{"start":{"line":29,"column":2},"end":{"line":31,"column":3}}]},"1":{"loc":{"start":{"line":33,"column":2},"end":{"line":35,"column":3}},"type":"if","locations":[{"start":{"line":33,"column":2},"end":{"line":35,"column":3}}]},"2":{"loc":{"start":{"line":37,"column":17},"end":{"line":39,"column":41}},"type":"cond-expr","locations":[{"start":{"line":38,"column":7},"end":{"line":38,"column":45}},{"start":{"line":39,"column":7},"end":{"line":39,"column":40}}]},"3":{"loc":{"start":{"line":38,"column":7},"end":{"line":38,"column":45}},"type":"binary-expr","locations":[{"start":{"line":38,"column":7},"end":{"line":38,"column":21}},{"start":{"line":38,"column":25},"end":{"line":38,"column":45}}]},"4":{"loc":{"start":{"line":39,"column":7},"end":{"line":39,"column":40}},"type":"binary-expr","locations":[{"start":{"line":39,"column":7},"end":{"line":39,"column":21}},{"start":{"line":39,"column":25},"end":{"line":39,"column":40}}]},"5":{"loc":{"start":{"line":64,"column":4},"end":{"line":66,"column":5}},"type":"if","locations":[{"start":{"line":64,"column":4},"end":{"line":66,"column":5}}]},"6":{"loc":{"start":{"line":71,"column":4},"end":{"line":73,"column":5}},"type":"if","locations":[{"start":{"line":71,"column":4},"end":{"line":73,"column":5}}]},"7":{"loc":{"start":{"line":100,"column":4},"end":{"line":102,"column":5}},"type":"if","locations":[{"start":{"line":100,"column":4},"end":{"line":102,"column":5}}]},"8":{"loc":{"start":{"line":109,"column":4},"end":{"line":111,"column":5}},"type":"if","locations":[{"start":{"line":109,"column":4},"end":{"line":111,"column":5}}]},"9":{"loc":{"start":{"line":123,"column":2},"end":{"line":126,"column":3}},"type":"if","locations":[{"start":{"line":123,"column":2},"end":{"line":126,"column":3}}]},"10":{"loc":{"start":{"line":123,"column":6},"end":{"line":123,"column":42}},"type":"binary-expr","locations":[{"start":{"line":123,"column":6},"end":{"line":123,"column":23}},{"start":{"line":123,"column":27},"end":{"line":123,"column":42}}]},"11":{"loc":{"start":{"line":136,"column":22},"end":{"line":136,"column":72}},"type":"cond-expr","locations":[{"start":{"line":136,"column":41},"end":{"line":136,"column":60}},{"start":{"line":136,"column":63},"end":{"line":136,"column":72}}]},"12":{"loc":{"start":{"line":140,"column":15},"end":{"line":140,"column":51}},"type":"cond-expr","locations":[{"start":{"line":140,"column":27},"end":{"line":140,"column":39}},{"start":{"line":140,"column":42},"end":{"line":140,"column":51}}]},"13":{"loc":{"start":{"line":144,"column":21},"end":{"line":144,"column":69}},"type":"cond-expr","locations":[{"start":{"line":144,"column":39},"end":{"line":144,"column":57}},{"start":{"line":144,"column":60},"end":{"line":144,"column":69}}]},"14":{"loc":{"start":{"line":148,"column":17},"end":{"line":148,"column":57}},"type":"cond-expr","locations":[{"start":{"line":148,"column":31},"end":{"line":148,"column":45}},{"start":{"line":148,"column":48},"end":{"line":148,"column":57}}]},"15":{"loc":{"start":{"line":152,"column":21},"end":{"line":152,"column":69}},"type":"cond-expr","locations":[{"start":{"line":152,"column":39},"end":{"line":152,"column":57}},{"start":{"line":152,"column":60},"end":{"line":152,"column":69}}]},"16":{"loc":{"start":{"line":156,"column":21},"end":{"line":156,"column":69}},"type":"cond-expr","locations":[{"start":{"line":156,"column":39},"end":{"line":156,"column":57}},{"start":{"line":156,"column":60},"end":{"line":156,"column":69}}]}},"s":{"0":2,"1":2,"2":2,"3":2,"4":2,"5":7,"6":1,"7":6,"8":1,"9":5,"10":5,"11":5,"12":5,"13":5,"14":1,"15":4,"16":4,"17":4,"18":0,"19":4,"20":4,"21":4,"22":1,"23":3,"24":3,"25":3,"26":2,"27":2,"28":0,"29":7,"30":7,"31":7,"32":5,"33":5,"34":2,"35":6,"36":6,"37":6,"38":6,"39":6,"40":6,"41":6,"42":6,"43":6,"44":6,"45":6,"46":6,"47":6,"48":6,"49":6,"50":6,"51":6,"52":6,"53":6},"f":{"0":7,"1":7,"2":6},"b":{"0":[1],"1":[1],"2":[1,4],"3":[1,1],"4":[4,3],"5":[1],"6":[0],"7":[1],"8":[2],"9":[5],"10":[7,7],"11":[5,1],"12":[5,1],"13":[4,2],"14":[4,2],"15":[4,2],"16":[4,2]}}
,"/Users/nikodemzychma/Documents/projects/company-details-by-nip/tests/mocks.ts": {"path":"/Users/nikodemzychma/Documents/projects/company-details-by-nip/tests/mocks.ts","statementMap":{"0":{"start":{"line":2,"column":13},"end":{"line":10,"column":2}},"1":{"start":{"line":12,"column":13},"end":{"line":35,"column":2}},"2":{"start":{"line":38,"column":13},"end":{"line":51,"column":2}},"3":{"start":{"line":53,"column":13},"end":{"line":61,"column":2}},"4":{"start":{"line":64,"column":13},"end":{"line":71,"column":2}}},"fnMap":{},"branchMap":{},"s":{"0":1,"1":1,"2":1,"3":1,"4":1},"f":{},"b":{}}
}
