TN:
SF:src/index.ts
FN:25,getCompanyDetailsByNip
FN:119,parseSidString
FN:133,parseCompanySoapDataToJson
FNF:3
FNH:3
FNDA:7,getCompanyDetailsByNip
FNDA:7,parseSidString
FNDA:6,parseCompanySoapDataToJson
DA:16,2
DA:17,2
DA:25,2
DA:29,7
DA:30,1
DA:33,6
DA:34,1
DA:37,5
DA:41,5
DA:43,5
DA:56,5
DA:64,5
DA:65,1
DA:68,4
DA:69,4
DA:71,4
DA:72,0
DA:76,4
DA:91,4
DA:100,4
DA:101,1
DA:104,3
DA:105,3
DA:107,3
DA:109,2
DA:110,2
DA:112,0
DA:119,2
DA:120,7
DA:121,7
DA:123,7
DA:124,5
DA:125,5
DA:127,2
DA:133,2
DA:134,6
DA:135,6
DA:136,6
DA:138,6
DA:139,6
DA:140,6
DA:142,6
DA:143,6
DA:144,6
DA:146,6
DA:147,6
DA:148,6
DA:150,6
DA:151,6
DA:152,6
DA:154,6
DA:155,6
DA:156,6
DA:158,6
LF:54
LH:52
BRDA:29,0,0,1
BRDA:33,1,0,1
BRDA:37,2,0,1
BRDA:37,2,1,4
BRDA:38,3,0,1
BRDA:38,3,1,1
BRDA:39,4,0,4
BRDA:39,4,1,3
BRDA:64,5,0,1
BRDA:71,6,0,0
BRDA:100,7,0,1
BRDA:109,8,0,2
BRDA:123,9,0,5
BRDA:123,10,0,7
BRDA:123,10,1,7
BRDA:136,11,0,5
BRDA:136,11,1,1
BRDA:140,12,0,5
BRDA:140,12,1,1
BRDA:144,13,0,4
BRDA:144,13,1,2
BRDA:148,14,0,4
BRDA:148,14,1,2
BRDA:152,15,0,4
BRDA:152,15,1,2
BRDA:156,16,0,4
BRDA:156,16,1,2
BRF:27
BRH:26
end_of_record
TN:
SF:tests/mocks.ts
FNF:0
FNH:0
DA:2,1
DA:12,1
DA:38,1
DA:53,1
DA:64,1
LF:5
LH:5
BRF:0
BRH:0
end_of_record
